[0510/014541.977:ERROR:process_memory_win.cc(73)] ReadMemory at 0x7ff728040000 of 64 bytes failed: Only part of a ReadProcessMemory or WriteProcessMemory request was completed. (0x12B)
[0510/014541.992:WARNING:pe_image_reader.cc(340)] could not read dos header from C:\Program Files (x86)\Google\Chrome\Application\chrome.exe
[0510/014541.992:ERROR:process_memory_win.cc(73)] ReadMemory at 0x7fff88d20000 of 64 bytes failed: Only part of a ReadProcessMemory or WriteProcessMemory request was completed. (0x12B)
[0510/014541.992:WARNING:pe_image_reader.cc(340)] could not read dos header from C:\WINDOWS\SYSTEM32\ntdll.dll
[0510/014541.992:ERROR:process_memory_win.cc(73)] ReadMemory at 0x7fff86480000 of 64 bytes failed: Only part of a ReadProcessMemory or WriteProcessMemory request was completed. (0x12B)
[0510/014542.012:WARNING:pe_image_reader.cc(340)] could not read dos header from C:\WINDOWS\System32\KERNEL32.DLL
[0510/014542.012:ERROR:process_memory_win.cc(73)] ReadMemory at 0x7fff84ec0000 of 64 bytes failed: Only part of a ReadProcessMemory or WriteProcessMemory request was completed. (0x12B)
[0510/014542.012:WARNING:pe_image_reader.cc(340)] could not read dos header from C:\WINDOWS\System32\KERNELBASE.dll
[0510/014542.012:ERROR:process_memory_win.cc(73)] ReadMemory at 0x7fff5ac90000 of 64 bytes failed: Only part of a ReadProcessMemory or WriteProcessMemory request was completed. (0x12B)
[0510/014542.012:WARNING:pe_image_reader.cc(340)] could not read dos header from C:\Program Files (x86)\Google\Chrome\Application\81.0.4044.138\chrome_elf.dll
[0510/014542.012:ERROR:process_memory_win.cc(73)] ReadMemory at 0x7fff7a2a0000 of 64 bytes failed: Only part of a ReadProcessMemory or WriteProcessMemory request was completed. (0x12B)
[0510/014542.012:WARNING:pe_image_reader.cc(340)] could not read dos header from C:\WINDOWS\SYSTEM32\VERSION.dll
[0510/014542.012:ERROR:process_memory_win.cc(73)] ReadMemory at 0x7fff866a0000 of 64 bytes failed: Only part of a ReadProcessMemory or WriteProcessMemory request was completed. (0x12B)
[0510/014542.012:WARNING:pe_image_reader.cc(340)] could not read dos header from C:\WINDOWS\System32\msvcrt.dll
[0510/014542.012:ERROR:process_memory_win.cc(73)] ReadMemory at 0x7fff85fa0000 of 64 bytes failed: Only part of a ReadProcessMemory or WriteProcessMemory request was completed. (0x12B)
[0510/014542.012:WARNING:pe_image_reader.cc(340)] could not read dos header from C:\WINDOWS\System32\bcryptPrimitives.dll
[0510/014542.013:ERROR:process_memory_win.cc(73)] ReadMemory at 0x7fff88670000 of 64 bytes failed: Only part of a ReadProcessMemory or WriteProcessMemory request was completed. (0x12B)
[0510/014542.013:WARNING:pe_image_reader.cc(340)] could not read dos header from C:\WINDOWS\System32\ADVAPI32.dll
[0510/014542.013:ERROR:process_memory_win.cc(73)] ReadMemory at 0x7fff862f0000 of 64 bytes failed: Only part of a ReadProcessMemory or WriteProcessMemory request was completed. (0x12B)
[0510/014542.013:WARNING:pe_image_reader.cc(340)] could not read dos header from C:\WINDOWS\System32\sechost.dll
[0510/014542.013:ERROR:process_memory_win.cc(73)] ReadMemory at 0x7fff86190000 of 64 bytes failed: Only part of a ReadProcessMemory or WriteProcessMemory request was completed. (0x12B)
[0510/014542.013:WARNING:pe_image_reader.cc(340)] could not read dos header from C:\WINDOWS\System32\RPCRT4.dll
[0510/014542.013:ERROR:process_memory_win.cc(73)] ReadMemory at 0x7fff22290000 of 64 bytes failed: Only part of a ReadProcessMemory or WriteProcessMemory request was completed. (0x12B)
[0510/014542.013:WARNING:pe_image_reader.cc(340)] could not read dos header from C:\Program Files (x86)\Google\Chrome\Application\81.0.4044.138\chrome.dll
[0510/014542.013:ERROR:process_memory_win.cc(73)] ReadMemory at 0x21ef0050000 of 64 bytes failed: Only part of a ReadProcessMemory or WriteProcessMemory request was completed. (0x12B)
[0510/014542.013:WARNING:pe_image_reader.cc(340)] could not read dos header from C:\WINDOWS\System32\WS2_32.dll
[0510/014542.013:ERROR:process_memory_win.cc(73)] ReadMemory at 0x7fff865b0000 of 64 bytes failed: Only part of a ReadProcessMemory or WriteProcessMemory request was completed. (0x12B)
[0510/014542.013:WARNING:pe_image_reader.cc(340)] could not read dos header from C:\WINDOWS\System32\OLEAUT32.dll
[0510/014542.013:ERROR:process_memory_win.cc(73)] ReadMemory at 0x7fff85210000 of 64 bytes failed: Only part of a ReadProcessMemory or WriteProcessMemory request was completed. (0x12B)
[0510/014542.013:WARNING:pe_image_reader.cc(340)] could not read dos header from C:\WINDOWS\System32\msvcp_win.dll
[0510/014542.013:ERROR:process_memory_win.cc(73)] ReadMemory at 0x7fff85b00000 of 64 bytes failed: Only part of a ReadProcessMemory or WriteProcessMemory request was completed. (0x12B)
[0510/014542.013:WARNING:pe_image_reader.cc(340)] could not read dos header from C:\WINDOWS\System32\ucrtbase.dll
[0510/014542.013:ERROR:process_memory_win.cc(73)] ReadMemory at 0x7fff86800000 of 64 bytes failed: Only part of a ReadProcessMemory or WriteProcessMemory request was completed. (0x12B)
[0510/014542.013:WARNING:pe_image_reader.cc(340)] could not read dos header from C:\WINDOWS\System32\combase.dll
[0510/014542.013:ERROR:process_memory_win.cc(73)] ReadMemory at 0x7fff85aa0000 of 64 bytes failed: Only part of a ReadProcessMemory or WriteProcessMemory request was completed. (0x12B)
[0510/014542.013:WARNING:pe_image_reader.cc(340)] could not read dos header from C:\WINDOWS\System32\WINTRUST.dll
[0510/014542.013:ERROR:process_memory_win.cc(73)] ReadMemory at 0x7fff84df0000 of 64 bytes failed: Only part of a ReadProcessMemory or WriteProcessMemory request was completed. (0x12B)
[0510/014542.014:WARNING:pe_image_reader.cc(340)] could not read dos header from C:\WINDOWS\System32\MSASN1.dll
[0510/014542.014:ERROR:process_memory_win.cc(73)] ReadMemory at 0x7fff85dc0000 of 64 bytes failed: Only part of a ReadProcessMemory or WriteProcessMemory request was completed. (0x12B)
[0510/014542.014:WARNING:pe_image_reader.cc(340)] could not read dos header from C:\WINDOWS\System32\CRYPT32.dll
[0510/014542.014:ERROR:process_memory_win.cc(73)] ReadMemory at 0x7fff84380000 of 64 bytes failed: Only part of a ReadProcessMemory or WriteProcessMemory request was completed. (0x12B)
[0510/014542.014:WARNING:pe_image_reader.cc(340)] could not read dos header from C:\WINDOWS\SYSTEM32\IPHLPAPI.DLL
[0510/014542.014:ERROR:process_memory_win.cc(73)] ReadMemory at 0x7fff82940000 of 64 bytes failed: Only part of a ReadProcessMemory or WriteProcessMemory request was completed. (0x12B)
[0510/014542.014:WARNING:pe_image_reader.cc(340)] could not read dos header from C:\WINDOWS\SYSTEM32\WINMM.dll
[0510/014542.014:ERROR:process_memory_win.cc(73)] ReadMemory at 0x7fff7fc50000 of 64 bytes failed: Only part of a ReadProcessMemory or WriteProcessMemory request was completed. (0x12B)
[0510/014542.014:WARNING:pe_image_reader.cc(340)] could not read dos header from C:\WINDOWS\SYSTEM32\Secur32.dll
[0510/014542.014:ERROR:process_memory_win.cc(73)] ReadMemory at 0x7fff84cf0000 of 64 bytes failed: Only part of a ReadProcessMemory or WriteProcessMemory request was completed. (0x12B)
[0510/014542.014:WARNING:pe_image_reader.cc(340)] could not read dos header from C:\WINDOWS\SYSTEM32\USERENV.dll
[0510/014542.014:ERROR:process_memory_win.cc(73)] ReadMemory at 0x7fff84e10000 of 64 bytes failed: Only part of a ReadProcessMemory or WriteProcessMemory request was completed. (0x12B)
[0510/014542.014:WARNING:pe_image_reader.cc(340)] could not read dos header from C:\WINDOWS\System32\profapi.dll
[0510/014542.014:ERROR:process_memory_win.cc(73)] ReadMemory at 0x7fff62150000 of 64 bytes failed: Only part of a ReadProcessMemory or WriteProcessMemory request was completed. (0x12B)
[0510/014542.014:WARNING:pe_image_reader.cc(340)] could not read dos header from C:\WINDOWS\SYSTEM32\UIAutomationCore.DLL
[0510/014542.014:ERROR:process_memory_win.cc(73)] ReadMemory at 0x7fff70cb0000 of 64 bytes failed: Only part of a ReadProcessMemory or WriteProcessMemory request was completed. (0x12B)
[0510/014542.014:WARNING:pe_image_reader.cc(340)] could not read dos header from C:\WINDOWS\SYSTEM32\DWrite.dll
[0510/014542.014:ERROR:process_memory_win.cc(73)] ReadMemory at 0x7fff7ccf0000 of 64 bytes failed: Only part of a ReadProcessMemory or WriteProcessMemory request was completed. (0x12B)
[0510/014542.014:WARNING:pe_image_reader.cc(340)] could not read dos header from C:\WINDOWS\SYSTEM32\WINSPOOL.DRV
[0510/014542.014:ERROR:process_memory_win.cc(73)] ReadMemory at 0x7fff84ea0000 of 64 bytes failed: Only part of a ReadProcessMemory or WriteProcessMemory request was completed. (0x12B)
[0510/014542.014:WARNING:pe_image_reader.cc(340)] could not read dos header from C:\WINDOWS\System32\kernel.appcore.dll
[0510/014542.014:ERROR:process_memory_win.cc(73)] ReadMemory at 0x7fff852b0000 of 64 bytes failed: Only part of a ReadProcessMemory or WriteProcessMemory request was completed. (0x12B)
[0510/014542.014:WARNING:pe_image_reader.cc(340)] could not read dos header from C:\WINDOWS\System32\bcrypt.dll
[0510/014542.014:ERROR:process_memory_win.cc(73)] ReadMemory at 0x7fff71100000 of 64 bytes failed: Only part of a ReadProcessMemory or WriteProcessMemory request was completed. (0x12B)
[0510/014542.015:WARNING:pe_image_reader.cc(340)] could not read dos header from C:\WINDOWS\SYSTEM32\dbghelp.dll
[0510/014542.015:ERROR:process_memory_win.cc(73)] ReadMemory at 0x7fff7c820000 of 64 bytes failed: Only part of a ReadProcessMemory or WriteProcessMemory request was completed. (0x12B)
[0510/014542.015:WARNING:pe_image_reader.cc(340)] could not read dos header from C:\WINDOWS\SYSTEM32\WINHTTP.dll
[0510/014542.015:ERROR:process_memory_win.cc(73)] ReadMemory at 0x7fff7f920000 of 64 bytes failed: Only part of a ReadProcessMemory or WriteProcessMemory request was completed. (0x12B)
[0510/014542.015:WARNING:pe_image_reader.cc(340)] could not read dos header from C:\WINDOWS\SYSTEM32\dhcpcsvc.DLL
[0510/014542.015:ERROR:process_memory_win.cc(73)] ReadMemory at 0x7fff86470000 of 64 bytes failed: Only part of a ReadProcessMemory or WriteProcessMemory request was completed. (0x12B)
[0510/014542.015:WARNING:pe_image_reader.cc(340)] could not read dos header from C:\WINDOWS\System32\NSI.dll
[0510/014542.015:ERROR:process_memory_win.cc(73)] ReadMemory at 0x7fff82910000 of 64 bytes failed: Only part of a ReadProcessMemory or WriteProcessMemory request was completed. (0x12B)
[0510/014542.015:WARNING:pe_image_reader.cc(340)] could not read dos header from C:\WINDOWS\SYSTEM32\WINMMBASE.dll
[0510/014542.015:ERROR:process_memory_win.cc(73)] ReadMemory at 0x7fff85a50000 of 64 bytes failed: Only part of a ReadProcessMemory or WriteProcessMemory request was completed. (0x12B)
[0510/014542.015:WARNING:pe_image_reader.cc(340)] could not read dos header from C:\WINDOWS\System32\cfgmgr32.dll
[0510/014542.015:ERROR:process_memory_win.cc(73)] ReadMemory at 0x7fff7e880000 of 64 bytes failed: Only part of a ReadProcessMemory or WriteProcessMemory request was completed. (0x12B)
[0510/014542.015:WARNING:pe_image_reader.cc(340)] could not read dos header from C:\WINDOWS\SYSTEM32\Bcp47Langs.dll
[0510/014542.015:ERROR:process_memory_win.cc(73)] ReadMemory at 0x7fff81750000 of 64 bytes failed: Only part of a ReadProcessMemory or WriteProcessMemory request was completed. (0x12B)
[0510/014542.015:WARNING:pe_image_reader.cc(340)] could not read dos header from C:\WINDOWS\SYSTEM32\PROPSYS.dll
[0510/014542.015:ERROR:process_memory_win.cc(73)] ReadMemory at 0x7fff86750000 of 64 bytes failed: Only part of a ReadProcessMemory or WriteProcessMemory request was completed. (0x12B)
[0510/014542.015:WARNING:pe_image_reader.cc(340)] could not read dos header from C:\WINDOWS\System32\shcore.dll
[0510/014542.015:ERROR:process_memory_win.cc(73)] ReadMemory at 0x7fff84d20000 of 64 bytes failed: Only part of a ReadProcessMemory or WriteProcessMemory request was completed. (0x12B)
[0510/014542.015:WARNING:pe_image_reader.cc(340)] could not read dos header from C:\WINDOWS\SYSTEM32\SSPICLI.DLL
[0510/014542.015:ERROR:process_memory_win.cc(73)] ReadMemory at 0x7fff84830000 of 64 bytes failed: Only part of a ReadProcessMemory or WriteProcessMemory request was completed. (0x12B)
[0510/014542.015:WARNING:pe_image_reader.cc(340)] could not read dos header from C:\WINDOWS\SYSTEM32\CRYPTBASE.DLL
[0510/014542.019:ERROR:process_memory_win.cc(73)] ReadMemory at 0x7ff728040000 of 64 bytes failed: Only part of a ReadProcessMemory or WriteProcessMemory request was completed. (0x12B)
[0510/014542.019:WARNING:pe_image_reader.cc(340)] could not read dos header from C:\Program Files (x86)\Google\Chrome\Application\chrome.exe
[0510/014542.019:ERROR:process_memory_win.cc(73)] ReadMemory at 0x7fff88d20000 of 64 bytes failed: Only part of a ReadProcessMemory or WriteProcessMemory request was completed. (0x12B)
[0510/014542.019:WARNING:pe_image_reader.cc(340)] could not read dos header from C:\WINDOWS\SYSTEM32\ntdll.dll
[0510/014542.019:ERROR:process_memory_win.cc(73)] ReadMemory at 0x7fff86480000 of 64 bytes failed: Only part of a ReadProcessMemory or WriteProcessMemory request was completed. (0x12B)
[0510/014542.019:WARNING:pe_image_reader.cc(340)] could not read dos header from C:\WINDOWS\System32\KERNEL32.DLL
[0510/014542.019:ERROR:process_memory_win.cc(73)] ReadMemory at 0x7fff84ec0000 of 64 bytes failed: Only part of a ReadProcessMemory or WriteProcessMemory request was completed. (0x12B)
[0510/014542.019:WARNING:pe_image_reader.cc(340)] could not read dos header from C:\WINDOWS\System32\KERNELBASE.dll
[0510/014542.019:ERROR:process_memory_win.cc(73)] ReadMemory at 0x7fff5ac90000 of 64 bytes failed: Only part of a ReadProcessMemory or WriteProcessMemory request was completed. (0x12B)
[0510/014542.019:WARNING:pe_image_reader.cc(340)] could not read dos header from C:\Program Files (x86)\Google\Chrome\Application\81.0.4044.138\chrome_elf.dll
[0510/014542.019:ERROR:process_memory_win.cc(73)] ReadMemory at 0x7fff7a2a0000 of 64 bytes failed: Only part of a ReadProcessMemory or WriteProcessMemory request was completed. (0x12B)
[0510/014542.019:WARNING:pe_image_reader.cc(340)] could not read dos header from C:\WINDOWS\SYSTEM32\VERSION.dll
[0510/014542.020:ERROR:process_memory_win.cc(73)] ReadMemory at 0x7fff866a0000 of 64 bytes failed: Only part of a ReadProcessMemory or WriteProcessMemory request was completed. (0x12B)
[0510/014542.020:WARNING:pe_image_reader.cc(340)] could not read dos header from C:\WINDOWS\System32\msvcrt.dll
[0510/014542.020:ERROR:process_memory_win.cc(73)] ReadMemory at 0x7fff85fa0000 of 64 bytes failed: Only part of a ReadProcessMemory or WriteProcessMemory request was completed. (0x12B)
[0510/014542.020:WARNING:pe_image_reader.cc(340)] could not read dos header from C:\WINDOWS\System32\bcryptPrimitives.dll
[0510/014542.020:ERROR:process_memory_win.cc(73)] ReadMemory at 0x7fff88670000 of 64 bytes failed: Only part of a ReadProcessMemory or WriteProcessMemory request was completed. (0x12B)
[0510/014542.020:WARNING:pe_image_reader.cc(340)] could not read dos header from C:\WINDOWS\System32\ADVAPI32.dll
[0510/014542.020:ERROR:process_memory_win.cc(73)] ReadMemory at 0x7fff862f0000 of 64 bytes failed: Only part of a ReadProcessMemory or WriteProcessMemory request was completed. (0x12B)
[0510/014542.020:WARNING:pe_image_reader.cc(340)] could not read dos header from C:\WINDOWS\System32\sechost.dll
[0510/014542.020:ERROR:process_memory_win.cc(73)] ReadMemory at 0x7fff86190000 of 64 bytes failed: Only part of a ReadProcessMemory or WriteProcessMemory request was completed. (0x12B)
[0510/014542.020:WARNING:pe_image_reader.cc(340)] could not read dos header from C:\WINDOWS\System32\RPCRT4.dll
[0510/014542.020:ERROR:process_memory_win.cc(73)] ReadMemory at 0x7fff22290000 of 64 bytes failed: Only part of a ReadProcessMemory or WriteProcessMemory request was completed. (0x12B)
[0510/014542.020:WARNING:pe_image_reader.cc(340)] could not read dos header from C:\Program Files (x86)\Google\Chrome\Application\81.0.4044.138\chrome.dll
[0510/014542.020:ERROR:process_memory_win.cc(73)] ReadMemory at 0x21ef0050000 of 64 bytes failed: Only part of a ReadProcessMemory or WriteProcessMemory request was completed. (0x12B)
[0510/014542.020:WARNING:pe_image_reader.cc(340)] could not read dos header from C:\WINDOWS\System32\WS2_32.dll
[0510/014542.020:ERROR:process_memory_win.cc(73)] ReadMemory at 0x7fff865b0000 of 64 bytes failed: Only part of a ReadProcessMemory or WriteProcessMemory request was completed. (0x12B)
[0510/014542.020:WARNING:pe_image_reader.cc(340)] could not read dos header from C:\WINDOWS\System32\OLEAUT32.dll
[0510/014542.020:ERROR:process_memory_win.cc(73)] ReadMemory at 0x7fff85210000 of 64 bytes failed: Only part of a ReadProcessMemory or WriteProcessMemory request was completed. (0x12B)
[0510/014542.020:WARNING:pe_image_reader.cc(340)] could not read dos header from C:\WINDOWS\System32\msvcp_win.dll
[0510/014542.020:ERROR:process_memory_win.cc(73)] ReadMemory at 0x7fff85b00000 of 64 bytes failed: Only part of a ReadProcessMemory or WriteProcessMemory request was completed. (0x12B)
[0510/014542.020:WARNING:pe_image_reader.cc(340)] could not read dos header from C:\WINDOWS\System32\ucrtbase.dll
[0510/014542.020:ERROR:process_memory_win.cc(73)] ReadMemory at 0x7fff86800000 of 64 bytes failed: Only part of a ReadProcessMemory or WriteProcessMemory request was completed. (0x12B)
[0510/014542.020:WARNING:pe_image_reader.cc(340)] could not read dos header from C:\WINDOWS\System32\combase.dll
[0510/014542.020:ERROR:process_memory_win.cc(73)] ReadMemory at 0x7fff85aa0000 of 64 bytes failed: Only part of a ReadProcessMemory or WriteProcessMemory request was completed. (0x12B)
[0510/014542.020:WARNING:pe_image_reader.cc(340)] could not read dos header from C:\WINDOWS\System32\WINTRUST.dll
[0510/014542.020:ERROR:process_memory_win.cc(73)] ReadMemory at 0x7fff84df0000 of 64 bytes failed: Only part of a ReadProcessMemory or WriteProcessMemory request was completed. (0x12B)
[0510/014542.020:WARNING:pe_image_reader.cc(340)] could not read dos header from C:\WINDOWS\System32\MSASN1.dll
[0510/014542.020:ERROR:process_memory_win.cc(73)] ReadMemory at 0x7fff85dc0000 of 64 bytes failed: Only part of a ReadProcessMemory or WriteProcessMemory request was completed. (0x12B)
[0510/014542.020:WARNING:pe_image_reader.cc(340)] could not read dos header from C:\WINDOWS\System32\CRYPT32.dll
[0510/014542.020:ERROR:process_memory_win.cc(73)] ReadMemory at 0x7fff84380000 of 64 bytes failed: Only part of a ReadProcessMemory or WriteProcessMemory request was completed. (0x12B)
[0510/014542.020:WARNING:pe_image_reader.cc(340)] could not read dos header from C:\WINDOWS\SYSTEM32\IPHLPAPI.DLL
[0510/014542.020:ERROR:process_memory_win.cc(73)] ReadMemory at 0x7fff82940000 of 64 bytes failed: Only part of a ReadProcessMemory or WriteProcessMemory request was completed. (0x12B)
[0510/014542.020:WARNING:pe_image_reader.cc(340)] could not read dos header from C:\WINDOWS\SYSTEM32\WINMM.dll
[0510/014542.020:ERROR:process_memory_win.cc(73)] ReadMemory at 0x7fff7fc50000 of 64 bytes failed: Only part of a ReadProcessMemory or WriteProcessMemory request was completed. (0x12B)
[0510/014542.020:WARNING:pe_image_reader.cc(340)] could not read dos header from C:\WINDOWS\SYSTEM32\Secur32.dll
[0510/014542.020:ERROR:process_memory_win.cc(73)] ReadMemory at 0x7fff84cf0000 of 64 bytes failed: Only part of a ReadProcessMemory or WriteProcessMemory request was completed. (0x12B)
[0510/014542.021:WARNING:pe_image_reader.cc(340)] could not read dos header from C:\WINDOWS\SYSTEM32\USERENV.dll
[0510/014542.021:ERROR:process_memory_win.cc(73)] ReadMemory at 0x7fff84e10000 of 64 bytes failed: Only part of a ReadProcessMemory or WriteProcessMemory request was completed. (0x12B)
[0510/014542.021:WARNING:pe_image_reader.cc(340)] could not read dos header from C:\WINDOWS\System32\profapi.dll
[0510/014542.021:ERROR:process_memory_win.cc(73)] ReadMemory at 0x7fff62150000 of 64 bytes failed: Only part of a ReadProcessMemory or WriteProcessMemory request was completed. (0x12B)
[0510/014542.021:WARNING:pe_image_reader.cc(340)] could not read dos header from C:\WINDOWS\SYSTEM32\UIAutomationCore.DLL
[0510/014542.021:ERROR:process_memory_win.cc(73)] ReadMemory at 0x7fff70cb0000 of 64 bytes failed: Only part of a ReadProcessMemory or WriteProcessMemory request was completed. (0x12B)
[0510/014542.021:WARNING:pe_image_reader.cc(340)] could not read dos header from C:\WINDOWS\SYSTEM32\DWrite.dll
[0510/014542.021:ERROR:process_memory_win.cc(73)] ReadMemory at 0x7fff7ccf0000 of 64 bytes failed: Only part of a ReadProcessMemory or WriteProcessMemory request was completed. (0x12B)
[0510/014542.021:WARNING:pe_image_reader.cc(340)] could not read dos header from C:\WINDOWS\SYSTEM32\WINSPOOL.DRV
[0510/014542.021:ERROR:process_memory_win.cc(73)] ReadMemory at 0x7fff84ea0000 of 64 bytes failed: Only part of a ReadProcessMemory or WriteProcessMemory request was completed. (0x12B)
[0510/014542.021:WARNING:pe_image_reader.cc(340)] could not read dos header from C:\WINDOWS\System32\kernel.appcore.dll
[0510/014542.021:ERROR:process_memory_win.cc(73)] ReadMemory at 0x7fff852b0000 of 64 bytes failed: Only part of a ReadProcessMemory or WriteProcessMemory request was completed. (0x12B)
[0510/014542.021:WARNING:pe_image_reader.cc(340)] could not read dos header from C:\WINDOWS\System32\bcrypt.dll
[0510/014542.021:ERROR:process_memory_win.cc(73)] ReadMemory at 0x7fff71100000 of 64 bytes failed: Only part of a ReadProcessMemory or WriteProcessMemory request was completed. (0x12B)
[0510/014542.021:WARNING:pe_image_reader.cc(340)] could not read dos header from C:\WINDOWS\SYSTEM32\dbghelp.dll
[0510/014542.021:ERROR:process_memory_win.cc(73)] ReadMemory at 0x7fff7c820000 of 64 bytes failed: Only part of a ReadProcessMemory or WriteProcessMemory request was completed. (0x12B)
[0510/014542.021:WARNING:pe_image_reader.cc(340)] could not read dos header from C:\WINDOWS\SYSTEM32\WINHTTP.dll
[0510/014542.021:ERROR:process_memory_win.cc(73)] ReadMemory at 0x7fff7f920000 of 64 bytes failed: Only part of a ReadProcessMemory or WriteProcessMemory request was completed. (0x12B)
[0510/014542.021:WARNING:pe_image_reader.cc(340)] could not read dos header from C:\WINDOWS\SYSTEM32\dhcpcsvc.DLL
[0510/014542.021:ERROR:process_memory_win.cc(73)] ReadMemory at 0x7fff86470000 of 64 bytes failed: Only part of a ReadProcessMemory or WriteProcessMemory request was completed. (0x12B)
[0510/014542.021:WARNING:pe_image_reader.cc(340)] could not read dos header from C:\WINDOWS\System32\NSI.dll
[0510/014542.021:ERROR:process_memory_win.cc(73)] ReadMemory at 0x7fff82910000 of 64 bytes failed: Only part of a ReadProcessMemory or WriteProcessMemory request was completed. (0x12B)
[0510/014542.021:WARNING:pe_image_reader.cc(340)] could not read dos header from C:\WINDOWS\SYSTEM32\WINMMBASE.dll
[0510/014542.021:ERROR:process_memory_win.cc(73)] ReadMemory at 0x7fff85a50000 of 64 bytes failed: Only part of a ReadProcessMemory or WriteProcessMemory request was completed. (0x12B)
[0510/014542.021:WARNING:pe_image_reader.cc(340)] could not read dos header from C:\WINDOWS\System32\cfgmgr32.dll
[0510/014542.021:ERROR:process_memory_win.cc(73)] ReadMemory at 0x7fff7e880000 of 64 bytes failed: Only part of a ReadProcessMemory or WriteProcessMemory request was completed. (0x12B)
[0510/014542.021:WARNING:pe_image_reader.cc(340)] could not read dos header from C:\WINDOWS\SYSTEM32\Bcp47Langs.dll
[0510/014542.021:ERROR:process_memory_win.cc(73)] ReadMemory at 0x7fff81750000 of 64 bytes failed: Only part of a ReadProcessMemory or WriteProcessMemory request was completed. (0x12B)
[0510/014542.021:WARNING:pe_image_reader.cc(340)] could not read dos header from C:\WINDOWS\SYSTEM32\PROPSYS.dll
[0510/014542.021:ERROR:process_memory_win.cc(73)] ReadMemory at 0x7fff86750000 of 64 bytes failed: Only part of a ReadProcessMemory or WriteProcessMemory request was completed. (0x12B)
[0510/014542.021:WARNING:pe_image_reader.cc(340)] could not read dos header from C:\WINDOWS\System32\shcore.dll
[0510/014542.021:ERROR:process_memory_win.cc(73)] ReadMemory at 0x7fff84d20000 of 64 bytes failed: Only part of a ReadProcessMemory or WriteProcessMemory request was completed. (0x12B)
[0510/014542.021:WARNING:pe_image_reader.cc(340)] could not read dos header from C:\WINDOWS\SYSTEM32\SSPICLI.DLL
[0510/014542.021:ERROR:process_memory_win.cc(73)] ReadMemory at 0x7fff84830000 of 64 bytes failed: Only part of a ReadProcessMemory or WriteProcessMemory request was completed. (0x12B)
[0510/014542.021:WARNING:pe_image_reader.cc(340)] could not read dos header from C:\WINDOWS\SYSTEM32\CRYPTBASE.DLL
[0510/014542.021:ERROR:process_memory_win.cc(73)] ReadMemory at 0x7ff728040000 of 64 bytes failed: Only part of a ReadProcessMemory or WriteProcessMemory request was completed. (0x12B)
[0510/014542.021:WARNING:pe_image_reader.cc(340)] could not read dos header from C:\Program Files (x86)\Google\Chrome\Application\chrome.exe
[0510/014542.021:ERROR:process_memory_win.cc(73)] ReadMemory at 0x7fff88d20000 of 64 bytes failed: Only part of a ReadProcessMemory or WriteProcessMemory request was completed. (0x12B)
[0510/014542.022:WARNING:pe_image_reader.cc(340)] could not read dos header from C:\WINDOWS\SYSTEM32\ntdll.dll
[0510/014542.022:ERROR:process_memory_win.cc(73)] ReadMemory at 0x7fff86480000 of 64 bytes failed: Only part of a ReadProcessMemory or WriteProcessMemory request was completed. (0x12B)
[0510/014542.022:WARNING:pe_image_reader.cc(340)] could not read dos header from C:\WINDOWS\System32\KERNEL32.DLL
[0510/014542.022:ERROR:process_memory_win.cc(73)] ReadMemory at 0x7fff84ec0000 of 64 bytes failed: Only part of a ReadProcessMemory or WriteProcessMemory request was completed. (0x12B)
[0510/014542.022:WARNING:pe_image_reader.cc(340)] could not read dos header from C:\WINDOWS\System32\KERNELBASE.dll
[0510/014542.022:ERROR:process_memory_win.cc(73)] ReadMemory at 0x7fff5ac90000 of 64 bytes failed: Only part of a ReadProcessMemory or WriteProcessMemory request was completed. (0x12B)
[0510/014542.022:WARNING:pe_image_reader.cc(340)] could not read dos header from C:\Program Files (x86)\Google\Chrome\Application\81.0.4044.138\chrome_elf.dll
[0510/014542.022:ERROR:process_memory_win.cc(73)] ReadMemory at 0x7fff7a2a0000 of 64 bytes failed: Only part of a ReadProcessMemory or WriteProcessMemory request was completed. (0x12B)
[0510/014542.022:WARNING:pe_image_reader.cc(340)] could not read dos header from C:\WINDOWS\SYSTEM32\VERSION.dll
[0510/014542.022:ERROR:process_memory_win.cc(73)] ReadMemory at 0x7fff866a0000 of 64 bytes failed: Only part of a ReadProcessMemory or WriteProcessMemory request was completed. (0x12B)
[0510/014542.022:WARNING:pe_image_reader.cc(340)] could not read dos header from C:\WINDOWS\System32\msvcrt.dll
[0510/014542.022:ERROR:process_memory_win.cc(73)] ReadMemory at 0x7fff85fa0000 of 64 bytes failed: Only part of a ReadProcessMemory or WriteProcessMemory request was completed. (0x12B)
[0510/014542.022:WARNING:pe_image_reader.cc(340)] could not read dos header from C:\WINDOWS\System32\bcryptPrimitives.dll
[0510/014542.022:ERROR:process_memory_win.cc(73)] ReadMemory at 0x7fff88670000 of 64 bytes failed: Only part of a ReadProcessMemory or WriteProcessMemory request was completed. (0x12B)
[0510/014542.022:WARNING:pe_image_reader.cc(340)] could not read dos header from C:\WINDOWS\System32\ADVAPI32.dll
[0510/014542.022:ERROR:process_memory_win.cc(73)] ReadMemory at 0x7fff862f0000 of 64 bytes failed: Only part of a ReadProcessMemory or WriteProcessMemory request was completed. (0x12B)
[0510/014542.022:WARNING:pe_image_reader.cc(340)] could not read dos header from C:\WINDOWS\System32\sechost.dll
[0510/014542.022:ERROR:process_memory_win.cc(73)] ReadMemory at 0x7fff86190000 of 64 bytes failed: Only part of a ReadProcessMemory or WriteProcessMemory request was completed. (0x12B)
[0510/014542.023:WARNING:pe_image_reader.cc(340)] could not read dos header from C:\WINDOWS\System32\RPCRT4.dll
[0510/014542.023:ERROR:process_memory_win.cc(73)] ReadMemory at 0x7fff22290000 of 64 bytes failed: Only part of a ReadProcessMemory or WriteProcessMemory request was completed. (0x12B)
[0510/014542.023:WARNING:pe_image_reader.cc(340)] could not read dos header from C:\Program Files (x86)\Google\Chrome\Application\81.0.4044.138\chrome.dll
[0510/014542.023:ERROR:process_memory_win.cc(73)] ReadMemory at 0x21ef0050000 of 64 bytes failed: Only part of a ReadProcessMemory or WriteProcessMemory request was completed. (0x12B)
[0510/014542.024:WARNING:pe_image_reader.cc(340)] could not read dos header from C:\WINDOWS\System32\WS2_32.dll
[0510/014542.024:ERROR:process_memory_win.cc(73)] ReadMemory at 0x7fff865b0000 of 64 bytes failed: Only part of a ReadProcessMemory or WriteProcessMemory request was completed. (0x12B)
[0510/014542.024:WARNING:pe_image_reader.cc(340)] could not read dos header from C:\WINDOWS\System32\OLEAUT32.dll
[0510/014542.024:ERROR:process_memory_win.cc(73)] ReadMemory at 0x7fff85210000 of 64 bytes failed: Only part of a ReadProcessMemory or WriteProcessMemory request was completed. (0x12B)
[0510/014542.024:WARNING:pe_image_reader.cc(340)] could not read dos header from C:\WINDOWS\System32\msvcp_win.dll
[0510/014542.025:ERROR:process_memory_win.cc(73)] ReadMemory at 0x7fff85b00000 of 64 bytes failed: Only part of a ReadProcessMemory or WriteProcessMemory request was completed. (0x12B)
[0510/014542.025:WARNING:pe_image_reader.cc(340)] could not read dos header from C:\WINDOWS\System32\ucrtbase.dll
[0510/014542.025:ERROR:process_memory_win.cc(73)] ReadMemory at 0x7fff86800000 of 64 bytes failed: Only part of a ReadProcessMemory or WriteProcessMemory request was completed. (0x12B)
[0510/014542.025:WARNING:pe_image_reader.cc(340)] could not read dos header from C:\WINDOWS\System32\combase.dll
[0510/014542.025:ERROR:process_memory_win.cc(73)] ReadMemory at 0x7fff85aa0000 of 64 bytes failed: Only part of a ReadProcessMemory or WriteProcessMemory request was completed. (0x12B)
[0510/014542.025:WARNING:pe_image_reader.cc(340)] could not read dos header from C:\WINDOWS\System32\WINTRUST.dll
[0510/014542.025:ERROR:process_memory_win.cc(73)] ReadMemory at 0x7fff84df0000 of 64 bytes failed: Only part of a ReadProcessMemory or WriteProcessMemory request was completed. (0x12B)
[0510/014542.025:WARNING:pe_image_reader.cc(340)] could not read dos header from C:\WINDOWS\System32\MSASN1.dll
[0510/014542.025:ERROR:process_memory_win.cc(73)] ReadMemory at 0x7fff85dc0000 of 64 bytes failed: Only part of a ReadProcessMemory or WriteProcessMemory request was completed. (0x12B)
[0510/014542.025:WARNING:pe_image_reader.cc(340)] could not read dos header from C:\WINDOWS\System32\CRYPT32.dll
[0510/014542.025:ERROR:process_memory_win.cc(73)] ReadMemory at 0x7fff84380000 of 64 bytes failed: Only part of a ReadProcessMemory or WriteProcessMemory request was completed. (0x12B)
[0510/014542.025:WARNING:pe_image_reader.cc(340)] could not read dos header from C:\WINDOWS\SYSTEM32\IPHLPAPI.DLL
[0510/014542.025:ERROR:process_memory_win.cc(73)] ReadMemory at 0x7fff82940000 of 64 bytes failed: Only part of a ReadProcessMemory or WriteProcessMemory request was completed. (0x12B)
[0510/014542.025:WARNING:pe_image_reader.cc(340)] could not read dos header from C:\WINDOWS\SYSTEM32\WINMM.dll
[0510/014542.026:ERROR:process_memory_win.cc(73)] ReadMemory at 0x7fff7fc50000 of 64 bytes failed: Only part of a ReadProcessMemory or WriteProcessMemory request was completed. (0x12B)
[0510/014542.026:WARNING:pe_image_reader.cc(340)] could not read dos header from C:\WINDOWS\SYSTEM32\Secur32.dll
[0510/014542.026:ERROR:process_memory_win.cc(73)] ReadMemory at 0x7fff84cf0000 of 64 bytes failed: Only part of a ReadProcessMemory or WriteProcessMemory request was completed. (0x12B)
[0510/014542.026:WARNING:pe_image_reader.cc(340)] could not read dos header from C:\WINDOWS\SYSTEM32\USERENV.dll
[0510/014542.026:ERROR:process_memory_win.cc(73)] ReadMemory at 0x7fff84e10000 of 64 bytes failed: Only part of a ReadProcessMemory or WriteProcessMemory request was completed. (0x12B)
[0510/014542.026:WARNING:pe_image_reader.cc(340)] could not read dos header from C:\WINDOWS\System32\profapi.dll
[0510/014542.026:ERROR:process_memory_win.cc(73)] ReadMemory at 0x7fff62150000 of 64 bytes failed: Only part of a ReadProcessMemory or WriteProcessMemory request was completed. (0x12B)
[0510/014542.026:WARNING:pe_image_reader.cc(340)] could not read dos header from C:\WINDOWS\SYSTEM32\UIAutomationCore.DLL
[0510/014542.026:ERROR:process_memory_win.cc(73)] ReadMemory at 0x7fff70cb0000 of 64 bytes failed: Only part of a ReadProcessMemory or WriteProcessMemory request was completed. (0x12B)
[0510/014542.027:WARNING:pe_image_reader.cc(340)] could not read dos header from C:\WINDOWS\SYSTEM32\DWrite.dll
[0510/014542.027:ERROR:process_memory_win.cc(73)] ReadMemory at 0x7fff7ccf0000 of 64 bytes failed: Only part of a ReadProcessMemory or WriteProcessMemory request was completed. (0x12B)
[0510/014542.027:WARNING:pe_image_reader.cc(340)] could not read dos header from C:\WINDOWS\SYSTEM32\WINSPOOL.DRV
[0510/014542.027:ERROR:process_memory_win.cc(73)] ReadMemory at 0x7fff84ea0000 of 64 bytes failed: Only part of a ReadProcessMemory or WriteProcessMemory request was completed. (0x12B)
[0510/014542.027:WARNING:pe_image_reader.cc(340)] could not read dos header from C:\WINDOWS\System32\kernel.appcore.dll
[0510/014542.027:ERROR:process_memory_win.cc(73)] ReadMemory at 0x7fff852b0000 of 64 bytes failed: Only part of a ReadProcessMemory or WriteProcessMemory request was completed. (0x12B)
[0510/014542.027:WARNING:pe_image_reader.cc(340)] could not read dos header from C:\WINDOWS\System32\bcrypt.dll
[0510/014542.027:ERROR:process_memory_win.cc(73)] ReadMemory at 0x7fff71100000 of 64 bytes failed: Only part of a ReadProcessMemory or WriteProcessMemory request was completed. (0x12B)
[0510/014542.027:WARNING:pe_image_reader.cc(340)] could not read dos header from C:\WINDOWS\SYSTEM32\dbghelp.dll
[0510/014542.027:ERROR:process_memory_win.cc(73)] ReadMemory at 0x7fff7c820000 of 64 bytes failed: Only part of a ReadProcessMemory or WriteProcessMemory request was completed. (0x12B)
[0510/014542.027:WARNING:pe_image_reader.cc(340)] could not read dos header from C:\WINDOWS\SYSTEM32\WINHTTP.dll
[0510/014542.027:ERROR:process_memory_win.cc(73)] ReadMemory at 0x7fff7f920000 of 64 bytes failed: Only part of a ReadProcessMemory or WriteProcessMemory request was completed. (0x12B)
[0510/014542.027:WARNING:pe_image_reader.cc(340)] could not read dos header from C:\WINDOWS\SYSTEM32\dhcpcsvc.DLL
[0510/014542.027:ERROR:process_memory_win.cc(73)] ReadMemory at 0x7fff86470000 of 64 bytes failed: Only part of a ReadProcessMemory or WriteProcessMemory request was completed. (0x12B)
[0510/014542.027:WARNING:pe_image_reader.cc(340)] could not read dos header from C:\WINDOWS\System32\NSI.dll
[0510/014542.027:ERROR:process_memory_win.cc(73)] ReadMemory at 0x7fff82910000 of 64 bytes failed: Only part of a ReadProcessMemory or WriteProcessMemory request was completed. (0x12B)
[0510/014542.027:WARNING:pe_image_reader.cc(340)] could not read dos header from C:\WINDOWS\SYSTEM32\WINMMBASE.dll
[0510/014542.027:ERROR:process_memory_win.cc(73)] ReadMemory at 0x7fff85a50000 of 64 bytes failed: Only part of a ReadProcessMemory or WriteProcessMemory request was completed. (0x12B)
[0510/014542.027:WARNING:pe_image_reader.cc(340)] could not read dos header from C:\WINDOWS\System32\cfgmgr32.dll
[0510/014542.027:ERROR:process_memory_win.cc(73)] ReadMemory at 0x7fff7e880000 of 64 bytes failed: Only part of a ReadProcessMemory or WriteProcessMemory request was completed. (0x12B)
[0510/014542.027:WARNING:pe_image_reader.cc(340)] could not read dos header from C:\WINDOWS\SYSTEM32\Bcp47Langs.dll
[0510/014542.027:ERROR:process_memory_win.cc(73)] ReadMemory at 0x7fff81750000 of 64 bytes failed: Only part of a ReadProcessMemory or WriteProcessMemory request was completed. (0x12B)
[0510/014542.027:WARNING:pe_image_reader.cc(340)] could not read dos header from C:\WINDOWS\SYSTEM32\PROPSYS.dll
[0510/014542.027:ERROR:process_memory_win.cc(73)] ReadMemory at 0x7fff86750000 of 64 bytes failed: Only part of a ReadProcessMemory or WriteProcessMemory request was completed. (0x12B)
[0510/014542.028:WARNING:pe_image_reader.cc(340)] could not read dos header from C:\WINDOWS\System32\shcore.dll
[0510/014542.028:ERROR:process_memory_win.cc(73)] ReadMemory at 0x7fff84d20000 of 64 bytes failed: Only part of a ReadProcessMemory or WriteProcessMemory request was completed. (0x12B)
[0510/014542.028:WARNING:pe_image_reader.cc(340)] could not read dos header from C:\WINDOWS\SYSTEM32\SSPICLI.DLL
[0510/014542.028:ERROR:process_memory_win.cc(73)] ReadMemory at 0x7fff84830000 of 64 bytes failed: Only part of a ReadProcessMemory or WriteProcessMemory request was completed. (0x12B)
[0510/014542.028:WARNING:pe_image_reader.cc(340)] could not read dos header from C:\WINDOWS\SYSTEM32\CRYPTBASE.DLL
[0510/014542.063:ERROR:process_memory_win.cc(73)] ReadMemory at 0x80791f6000 of 40960 bytes failed: Only part of a ReadProcessMemory or WriteProcessMemory request was completed. (0x12B)
[0510/014542.064:ERROR:process_memory_win.cc(73)] ReadMemory at 0x80799fd000 of 12288 bytes failed: Only part of a ReadProcessMemory or WriteProcessMemory request was completed. (0x12B)
[0510/014542.064:ERROR:process_memory_win.cc(73)] ReadMemory at 0x807a1fc000 of 16384 bytes failed: Only part of a ReadProcessMemory or WriteProcessMemory request was completed. (0x12B)
[0510/014542.064:ERROR:process_memory_win.cc(73)] ReadMemory at 0x807a9fc000 of 16384 bytes failed: Only part of a ReadProcessMemory or WriteProcessMemory request was completed. (0x12B)
[0510/014542.064:ERROR:process_memory_win.cc(73)] ReadMemory at 0x807b1fc000 of 16384 bytes failed: Only part of a ReadProcessMemory or WriteProcessMemory request was completed. (0x12B)
[0510/014542.064:ERROR:process_memory_win.cc(73)] ReadMemory at 0x807b9fe000 of 8192 bytes failed: Only part of a ReadProcessMemory or WriteProcessMemory request was completed. (0x12B)
[0510/014542.064:ERROR:process_memory_win.cc(73)] ReadMemory at 0x807c1fd000 of 12288 bytes failed: Only part of a ReadProcessMemory or WriteProcessMemory request was completed. (0x12B)
[0510/014542.064:ERROR:process_memory_win.cc(73)] ReadMemory at 0x807c9fc000 of 16384 bytes failed: Only part of a ReadProcessMemory or WriteProcessMemory request was completed. (0x12B)
[0510/014542.064:ERROR:process_memory_win.cc(73)] ReadMemory at 0x807d1fd000 of 12288 bytes failed: Only part of a ReadProcessMemory or WriteProcessMemory request was completed. (0x12B)
[0510/014542.064:ERROR:process_memory_win.cc(73)] ReadMemory at 0x807d9fd000 of 12288 bytes failed: Only part of a ReadProcessMemory or WriteProcessMemory request was completed. (0x12B)
[0510/014542.064:ERROR:process_memory_win.cc(73)] ReadMemory at 0x807e1fd000 of 12288 bytes failed: Only part of a ReadProcessMemory or WriteProcessMemory request was completed. (0x12B)
[0510/014542.064:ERROR:process_memory_win.cc(73)] ReadMemory at 0x807e9fd000 of 12288 bytes failed: Only part of a ReadProcessMemory or WriteProcessMemory request was completed. (0x12B)
[0510/014542.064:ERROR:process_memory_win.cc(73)] ReadMemory at 0x807f1fd000 of 12288 bytes failed: Only part of a ReadProcessMemory or WriteProcessMemory request was completed. (0x12B)
[0510/014542.064:ERROR:process_memory_win.cc(73)] ReadMemory at 0x807f9fd000 of 12288 bytes failed: Only part of a ReadProcessMemory or WriteProcessMemory request was completed. (0x12B)
[0510/014542.064:ERROR:process_memory_win.cc(73)] ReadMemory at 0x8078950000 of 852 bytes failed: Only part of a ReadProcessMemory or WriteProcessMemory request was completed. (0x12B)
[0510/014542.065:ERROR:process_memory_win.cc(73)] ReadMemory at 0x8078951000 of 6024 bytes failed: Only part of a ReadProcessMemory or WriteProcessMemory request was completed. (0x12B)
[0510/014542.065:ERROR:process_memory_win.cc(73)] ReadMemory at 0x8078953000 of 6024 bytes failed: Only part of a ReadProcessMemory or WriteProcessMemory request was completed. (0x12B)
[0510/014542.065:ERROR:process_memory_win.cc(73)] ReadMemory at 0x8078955000 of 6024 bytes failed: Only part of a ReadProcessMemory or WriteProcessMemory request was completed. (0x12B)
[0510/014542.065:ERROR:process_memory_win.cc(73)] ReadMemory at 0x8078957000 of 6024 bytes failed: Only part of a ReadProcessMemory or WriteProcessMemory request was completed. (0x12B)
[0510/014542.065:ERROR:process_memory_win.cc(73)] ReadMemory at 0x8078959000 of 6024 bytes failed: Only part of a ReadProcessMemory or WriteProcessMemory request was completed. (0x12B)
[0510/014542.065:ERROR:process_memory_win.cc(73)] ReadMemory at 0x807895b000 of 6024 bytes failed: Only part of a ReadProcessMemory or WriteProcessMemory request was completed. (0x12B)
[0510/014542.065:ERROR:process_memory_win.cc(73)] ReadMemory at 0x807895d000 of 6024 bytes failed: Only part of a ReadProcessMemory or WriteProcessMemory request was completed. (0x12B)
[0510/014542.065:ERROR:process_memory_win.cc(73)] ReadMemory at 0x807895f000 of 6024 bytes failed: Only part of a ReadProcessMemory or WriteProcessMemory request was completed. (0x12B)
[0510/014542.065:ERROR:process_memory_win.cc(73)] ReadMemory at 0x8078961000 of 6024 bytes failed: Only part of a ReadProcessMemory or WriteProcessMemory request was completed. (0x12B)
[0510/014542.065:ERROR:process_memory_win.cc(73)] ReadMemory at 0x8078963000 of 6024 bytes failed: Only part of a ReadProcessMemory or WriteProcessMemory request was completed. (0x12B)
[0510/014542.065:ERROR:process_memory_win.cc(73)] ReadMemory at 0x8078965000 of 6024 bytes failed: Only part of a ReadProcessMemory or WriteProcessMemory request was completed. (0x12B)
[0510/014542.065:ERROR:process_memory_win.cc(73)] ReadMemory at 0x8078967000 of 6024 bytes failed: Only part of a ReadProcessMemory or WriteProcessMemory request was completed. (0x12B)
[0510/014542.065:ERROR:process_memory_win.cc(73)] ReadMemory at 0x8078969000 of 6024 bytes failed: Only part of a ReadProcessMemory or WriteProcessMemory request was completed. (0x12B)
[0510/014542.065:ERROR:process_memory_win.cc(73)] ReadMemory at 0x807896b000 of 6024 bytes failed: Only part of a ReadProcessMemory or WriteProcessMemory request was completed. (0x12B)
[0510/014542.066:ERROR:process_memory_win.cc(73)] ReadMemory at 0x21eeff30fe0 of 18298 bytes failed: Only part of a ReadProcessMemory or WriteProcessMemory request was completed. (0x12B)
[0510/014542.066:ERROR:process_memory_win.cc(73)] ReadMemory at 0x21eeff35770 of 1012 bytes failed: Only part of a ReadProcessMemory or WriteProcessMemory request was completed. (0x12B)
[0510/014542.066:ERROR:process_memory_win.cc(73)] ReadMemory at 0x21eeff35d98 of 118 bytes failed: Only part of a ReadProcessMemory or WriteProcessMemory request was completed. (0x12B)
[0510/014542.066:ERROR:process_memory_win.cc(73)] ReadMemory at 0x21eeff35e10 of 834 bytes failed: Only part of a ReadProcessMemory or WriteProcessMemory request was completed. (0x12B)
[0510/014542.066:ERROR:process_memory_win.cc(73)] ReadMemory at 0x21eeff36154 of 118 bytes failed: Only part of a ReadProcessMemory or WriteProcessMemory request was completed. (0x12B)
[0510/014542.066:ERROR:process_memory_win.cc(73)] ReadMemory at 0x21eeff361cc of 96 bytes failed: Only part of a ReadProcessMemory or WriteProcessMemory request was completed. (0x12B)
[0510/014542.066:ERROR:process_memory_win.cc(73)] ReadMemory at 0x21eeff36240 of 58 bytes failed: Only part of a ReadProcessMemory or WriteProcessMemory request was completed. (0x12B)
[0510/014542.066:ERROR:process_memory_win.cc(73)] ReadMemory at 0x21eeff36340 of 132 bytes failed: Only part of a ReadProcessMemory or WriteProcessMemory request was completed. (0x12B)
[0510/014542.066:ERROR:process_memory_win.cc(73)] ReadMemory at 0x21eeff364d0 of 132 bytes failed: Only part of a ReadProcessMemory or WriteProcessMemory request was completed. (0x12B)
[0510/014542.066:ERROR:process_memory_win.cc(73)] ReadMemory at 0x21eeff36690 of 126 bytes failed: Only part of a ReadProcessMemory or WriteProcessMemory request was completed. (0x12B)
[0510/014542.066:ERROR:process_memory_win.cc(73)] ReadMemory at 0x21eeff36a70 of 132 bytes failed: Only part of a ReadProcessMemory or WriteProcessMemory request was completed. (0x12B)
[0510/014542.066:ERROR:process_memory_win.cc(73)] ReadMemory at 0x21eeff36c00 of 64 bytes failed: Only part of a ReadProcessMemory or WriteProcessMemory request was completed. (0x12B)
[0510/014542.066:ERROR:process_memory_win.cc(73)] ReadMemory at 0x21eeff36c50 of 132 bytes failed: Only part of a ReadProcessMemory or WriteProcessMemory request was completed. (0x12B)
[0510/014542.066:ERROR:process_memory_win.cc(73)] ReadMemory at 0x21eeff36dc0 of 132 bytes failed: Only part of a ReadProcessMemory or WriteProcessMemory request was completed. (0x12B)
[0510/014542.067:ERROR:process_memory_win.cc(73)] ReadMemory at 0x21eeff37060 of 132 bytes failed: Only part of a ReadProcessMemory or WriteProcessMemory request was completed. (0x12B)
[0510/014542.067:ERROR:process_memory_win.cc(73)] ReadMemory at 0x21eeff371f0 of 68 bytes failed: Only part of a ReadProcessMemory or WriteProcessMemory request was completed. (0x12B)
[0510/014542.067:ERROR:process_memory_win.cc(73)] ReadMemory at 0x21eeff381d0 of 132 bytes failed: Only part of a ReadProcessMemory or WriteProcessMemory request was completed. (0x12B)
[0510/014542.067:ERROR:process_memory_win.cc(73)] ReadMemory at 0x21eeff38360 of 154 bytes failed: Only part of a ReadProcessMemory or WriteProcessMemory request was completed. (0x12B)
[0510/014542.067:ERROR:process_memory_win.cc(73)] ReadMemory at 0x21eeff391b0 of 62 bytes failed: Only part of a ReadProcessMemory or WriteProcessMemory request was completed. (0x12B)
[0510/014542.067:ERROR:process_memory_win.cc(73)] ReadMemory at 0x21eeff39200 of 146 bytes failed: Only part of a ReadProcessMemory or WriteProcessMemory request was completed. (0x12B)
[0510/014542.067:ERROR:process_memory_win.cc(73)] ReadMemory at 0x21eeff392e0 of 132 bytes failed: Only part of a ReadProcessMemory or WriteProcessMemory request was completed. (0x12B)
[0510/014542.067:ERROR:process_memory_win.cc(73)] ReadMemory at 0x21eeff39470 of 60 bytes failed: Only part of a ReadProcessMemory or WriteProcessMemory request was completed. (0x12B)
[0510/014542.067:ERROR:process_memory_win.cc(73)] ReadMemory at 0x21eeff3ad6c of 512 bytes failed: Only part of a ReadProcessMemory or WriteProcessMemory request was completed. (0x12B)
[0510/014542.067:ERROR:process_memory_win.cc(73)] ReadMemory at 0x21eeff3e8f0 of 132 bytes failed: Only part of a ReadProcessMemory or WriteProcessMemory request was completed. (0x12B)
[0510/014542.067:ERROR:process_memory_win.cc(73)] ReadMemory at 0x21eeff3ea20 of 132 bytes failed: Only part of a ReadProcessMemory or WriteProcessMemory request was completed. (0x12B)
[0510/014542.067:ERROR:process_memory_win.cc(73)] ReadMemory at 0x21eeff3ebb0 of 80 bytes failed: Only part of a ReadProcessMemory or WriteProcessMemory request was completed. (0x12B)
[0510/014542.067:ERROR:process_memory_win.cc(73)] ReadMemory at 0x21eeff3ed50 of 60 bytes failed: Only part of a ReadProcessMemory or WriteProcessMemory request was completed. (0x12B)
[0510/014542.067:ERROR:process_memory_win.cc(73)] ReadMemory at 0x21eeff3eda0 of 60 bytes failed: Only part of a ReadProcessMemory or WriteProcessMemory request was completed. (0x12B)
[0510/014542.067:ERROR:process_memory_win.cc(73)] ReadMemory at 0x21eeff3ee40 of 64 bytes failed: Only part of a ReadProcessMemory or WriteProcessMemory request was completed. (0x12B)
[0510/014542.067:ERROR:process_memory_win.cc(73)] ReadMemory at 0x21eeff3ee90 of 66 bytes failed: Only part of a ReadProcessMemory or WriteProcessMemory request was completed. (0x12B)
[0510/014542.067:ERROR:process_memory_win.cc(73)] ReadMemory at 0x21eeff3eee0 of 64 bytes failed: Only part of a ReadProcessMemory or WriteProcessMemory request was completed. (0x12B)
[0510/014542.067:ERROR:process_memory_win.cc(73)] ReadMemory at 0x21eeff3ef80 of 62 bytes failed: Only part of a ReadProcessMemory or WriteProcessMemory request was completed. (0x12B)
[0510/014542.068:ERROR:process_memory_win.cc(73)] ReadMemory at 0x21eeff3efd0 of 64 bytes failed: Only part of a ReadProcessMemory or WriteProcessMemory request was completed. (0x12B)
[0510/014542.068:ERROR:process_memory_win.cc(73)] ReadMemory at 0x21eeff3f160 of 64 bytes failed: Only part of a ReadProcessMemory or WriteProcessMemory request was completed. (0x12B)
[0510/014542.068:ERROR:process_memory_win.cc(73)] ReadMemory at 0x21eeff3f390 of 62 bytes failed: Only part of a ReadProcessMemory or WriteProcessMemory request was completed. (0x12B)
[0510/014542.068:ERROR:process_memory_win.cc(73)] ReadMemory at 0x21eeff3f960 of 132 bytes failed: Only part of a ReadProcessMemory or WriteProcessMemory request was completed. (0x12B)
[0510/014542.068:ERROR:process_memory_win.cc(73)] ReadMemory at 0x21eeff3fa90 of 132 bytes failed: Only part of a ReadProcessMemory or WriteProcessMemory request was completed. (0x12B)
[0510/014542.068:ERROR:process_memory_win.cc(73)] ReadMemory at 0x21eeff3fbc0 of 132 bytes failed: Only part of a ReadProcessMemory or WriteProcessMemory request was completed. (0x12B)
[0510/014542.068:ERROR:process_memory_win.cc(73)] ReadMemory at 0x21eeff3fcf0 of 132 bytes failed: Only part of a ReadProcessMemory or WriteProcessMemory request was completed. (0x12B)
[0510/014542.068:ERROR:process_memory_win.cc(73)] ReadMemory at 0x21eeff3fe20 of 132 bytes failed: Only part of a ReadProcessMemory or WriteProcessMemory request was completed. (0x12B)
[0510/014542.068:ERROR:process_memory_win.cc(73)] ReadMemory at 0x21eeff3ff50 of 132 bytes failed: Only part of a ReadProcessMemory or WriteProcessMemory request was completed. (0x12B)
[0510/014542.068:ERROR:process_memory_win.cc(73)] ReadMemory at 0x21eeff40080 of 132 bytes failed: Only part of a ReadProcessMemory or WriteProcessMemory request was completed. (0x12B)
[0510/014542.068:ERROR:process_memory_win.cc(73)] ReadMemory at 0x21eeff401b0 of 132 bytes failed: Only part of a ReadProcessMemory or WriteProcessMemory request was completed. (0x12B)
[0510/014542.069:ERROR:process_memory_win.cc(73)] ReadMemory at 0x21eeff402e0 of 132 bytes failed: Only part of a ReadProcessMemory or WriteProcessMemory request was completed. (0x12B)
[0510/014542.069:ERROR:process_memory_win.cc(73)] ReadMemory at 0x21eeff40410 of 132 bytes failed: Only part of a ReadProcessMemory or WriteProcessMemory request was completed. (0x12B)
[0510/014542.069:ERROR:process_memory_win.cc(73)] ReadMemory at 0x21eeff40540 of 132 bytes failed: Only part of a ReadProcessMemory or WriteProcessMemory request was completed. (0x12B)
[0510/014542.069:ERROR:process_memory_win.cc(73)] ReadMemory at 0x21eeff40670 of 132 bytes failed: Only part of a ReadProcessMemory or WriteProcessMemory request was completed. (0x12B)
[0510/014542.069:ERROR:process_memory_win.cc(73)] ReadMemory at 0x21eeff445f0 of 54 bytes failed: Only part of a ReadProcessMemory or WriteProcessMemory request was completed. (0x12B)
[0510/014542.069:ERROR:process_memory_win.cc(73)] ReadMemory at 0x21eeff44970 of 132 bytes failed: Only part of a ReadProcessMemory or WriteProcessMemory request was completed. (0x12B)
[0510/014542.069:ERROR:process_memory_win.cc(73)] ReadMemory at 0x21eeff44b80 of 132 bytes failed: Only part of a ReadProcessMemory or WriteProcessMemory request was completed. (0x12B)
[0510/014542.069:ERROR:process_memory_win.cc(73)] ReadMemory at 0x21eeff45930 of 132 bytes failed: Only part of a ReadProcessMemory or WriteProcessMemory request was completed. (0x12B)
[0510/014542.069:ERROR:process_memory_win.cc(73)] ReadMemory at 0x21eeff47700 of 76 bytes failed: Only part of a ReadProcessMemory or WriteProcessMemory request was completed. (0x12B)
[0510/014542.070:ERROR:process_memory_win.cc(73)] ReadMemory at 0x21eeff47be0 of 80 bytes failed: Only part of a ReadProcessMemory or WriteProcessMemory request was completed. (0x12B)
[0510/014542.070:ERROR:process_memory_win.cc(73)] ReadMemory at 0x21eeff49bf0 of 132 bytes failed: Only part of a ReadProcessMemory or WriteProcessMemory request was completed. (0x12B)
[0510/014542.070:ERROR:process_memory_win.cc(73)] ReadMemory at 0x21eeff4b9e0 of 132 bytes failed: Only part of a ReadProcessMemory or WriteProcessMemory request was completed. (0x12B)
[0510/014542.070:ERROR:process_memory_win.cc(73)] ReadMemory at 0x21eeff4bb10 of 132 bytes failed: Only part of a ReadProcessMemory or WriteProcessMemory request was completed. (0x12B)
[0510/014542.070:ERROR:process_memory_win.cc(73)] ReadMemory at 0x21eeff4bc40 of 132 bytes failed: Only part of a ReadProcessMemory or WriteProcessMemory request was completed. (0x12B)
[0510/014542.070:ERROR:process_memory_win.cc(73)] ReadMemory at 0x21eeff4bcf0 of 512 bytes failed: Only part of a ReadProcessMemory or WriteProcessMemory request was completed. (0x12B)
[0510/014542.070:ERROR:process_memory_win.cc(73)] ReadMemory at 0x21eeff4c040 of 68 bytes failed: Only part of a ReadProcessMemory or WriteProcessMemory request was completed. (0x12B)
[0510/014542.070:ERROR:process_memory_win.cc(73)] ReadMemory at 0x21eeff4c090 of 62 bytes failed: Only part of a ReadProcessMemory or WriteProcessMemory request was completed. (0x12B)
[0510/014542.070:ERROR:process_memory_win.cc(73)] ReadMemory at 0x21eeff4c0e0 of 60 bytes failed: Only part of a ReadProcessMemory or WriteProcessMemory request was completed. (0x12B)
[0510/014542.070:ERROR:process_memory_win.cc(73)] ReadMemory at 0x21eeff4c220 of 62 bytes failed: Only part of a ReadProcessMemory or WriteProcessMemory request was completed. (0x12B)
[0510/014542.070:ERROR:process_memory_win.cc(73)] ReadMemory at 0x21eeff4c270 of 62 bytes failed: Only part of a ReadProcessMemory or WriteProcessMemory request was completed. (0x12B)
[0510/014542.070:ERROR:process_memory_win.cc(73)] ReadMemory at 0x21eeff4c2c0 of 60 bytes failed: Only part of a ReadProcessMemory or WriteProcessMemory request was completed. (0x12B)
[0510/014542.071:ERROR:process_memory_win.cc(73)] ReadMemory at 0x21eeff4c310 of 64 bytes failed: Only part of a ReadProcessMemory or WriteProcessMemory request was completed. (0x12B)
[0510/014542.071:ERROR:process_memory_win.cc(73)] ReadMemory at 0x21eeff4c4a0 of 60 bytes failed: Only part of a ReadProcessMemory or WriteProcessMemory request was completed. (0x12B)
[0510/014542.071:ERROR:process_memory_win.cc(73)] ReadMemory at 0x21eeff4c540 of 64 bytes failed: Only part of a ReadProcessMemory or WriteProcessMemory request was completed. (0x12B)
[0510/014542.071:ERROR:process_memory_win.cc(73)] ReadMemory at 0x21eeff4c5e0 of 62 bytes failed: Only part of a ReadProcessMemory or WriteProcessMemory request was completed. (0x12B)
[0510/014542.071:ERROR:process_memory_win.cc(73)] ReadMemory at 0x21eeff4c630 of 64 bytes failed: Only part of a ReadProcessMemory or WriteProcessMemory request was completed. (0x12B)
[0510/014542.071:ERROR:process_memory_win.cc(73)] ReadMemory at 0x21eeff4c680 of 62 bytes failed: Only part of a ReadProcessMemory or WriteProcessMemory request was completed. (0x12B)
[0510/014542.071:ERROR:process_memory_win.cc(73)] ReadMemory at 0x21eeff4c7c0 of 64 bytes failed: Only part of a ReadProcessMemory or WriteProcessMemory request was completed. (0x12B)
[0510/014542.072:ERROR:process_memory_win.cc(73)] ReadMemory at 0x21eeff4c810 of 66 bytes failed: Only part of a ReadProcessMemory or WriteProcessMemory request was completed. (0x12B)
[0510/014542.072:ERROR:process_memory_win.cc(73)] ReadMemory at 0x21eeff4c900 of 62 bytes failed: Only part of a ReadProcessMemory or WriteProcessMemory request was completed. (0x12B)
[0510/014542.072:ERROR:process_memory_win.cc(73)] ReadMemory at 0x21eeff4ca90 of 60 bytes failed: Only part of a ReadProcessMemory or WriteProcessMemory request was completed. (0x12B)
[0510/014542.072:ERROR:process_memory_win.cc(73)] ReadMemory at 0x21eeff4cc70 of 62 bytes failed: Only part of a ReadProcessMemory or WriteProcessMemory request was completed. (0x12B)
[0510/014542.072:ERROR:process_memory_win.cc(73)] ReadMemory at 0x21eeff4cd10 of 58 bytes failed: Only part of a ReadProcessMemory or WriteProcessMemory request was completed. (0x12B)
[0510/014542.072:ERROR:process_memory_win.cc(73)] ReadMemory at 0x21eeff4ce00 of 62 bytes failed: Only part of a ReadProcessMemory or WriteProcessMemory request was completed. (0x12B)
[0510/014542.072:ERROR:process_memory_win.cc(73)] ReadMemory at 0x21eeff4d000 of 132 bytes failed: Only part of a ReadProcessMemory or WriteProcessMemory request was completed. (0x12B)
[0510/014542.075:ERROR:process_memory_win.cc(73)] ReadMemory at 0x21eeff4d720 of 132 bytes failed: Only part of a ReadProcessMemory or WriteProcessMemory request was completed. (0x12B)
[0510/014542.075:ERROR:process_memory_win.cc(73)] ReadMemory at 0x21eeff4dab0 of 132 bytes failed: Only part of a ReadProcessMemory or WriteProcessMemory request was completed. (0x12B)
[0510/014542.075:ERROR:process_memory_win.cc(73)] ReadMemory at 0x21eeff4df70 of 132 bytes failed: Only part of a ReadProcessMemory or WriteProcessMemory request was completed. (0x12B)
[0510/014542.075:ERROR:process_memory_win.cc(73)] ReadMemory at 0x21eeff4e0a0 of 132 bytes failed: Only part of a ReadProcessMemory or WriteProcessMemory request was completed. (0x12B)
[0510/014542.075:ERROR:process_memory_win.cc(73)] ReadMemory at 0x21eeff4e300 of 132 bytes failed: Only part of a ReadProcessMemory or WriteProcessMemory request was completed. (0x12B)
[0510/014542.075:ERROR:process_memory_win.cc(73)] ReadMemory at 0x21eeff4e560 of 132 bytes failed: Only part of a ReadProcessMemory or WriteProcessMemory request was completed. (0x12B)
[0510/014542.075:ERROR:process_memory_win.cc(73)] ReadMemory at 0x21eeff4e690 of 132 bytes failed: Only part of a ReadProcessMemory or WriteProcessMemory request was completed. (0x12B)
[0510/014542.075:ERROR:process_memory_win.cc(73)] ReadMemory at 0x21eeff4e7c0 of 132 bytes failed: Only part of a ReadProcessMemory or WriteProcessMemory request was completed. (0x12B)
[0510/014542.075:ERROR:process_memory_win.cc(73)] ReadMemory at 0x21eeff4eb50 of 132 bytes failed: Only part of a ReadProcessMemory or WriteProcessMemory request was completed. (0x12B)
[0510/014542.075:ERROR:process_memory_win.cc(73)] ReadMemory at 0x21eeff4ec80 of 132 bytes failed: Only part of a ReadProcessMemory or WriteProcessMemory request was completed. (0x12B)
[0510/014542.075:ERROR:process_memory_win.cc(73)] ReadMemory at 0x21eeff64c00 of 512 bytes failed: Only part of a ReadProcessMemory or WriteProcessMemory request was completed. (0x12B)
[0510/014542.076:ERROR:process_memory_win.cc(73)] ReadMemory at 0x21ef0640c40 of 704 bytes failed: Only part of a ReadProcessMemory or WriteProcessMemory request was completed. (0x12B)
[0510/014542.076:ERROR:process_memory_win.cc(73)] ReadMemory at 0x21ef06410c0 of 512 bytes failed: Only part of a ReadProcessMemory or WriteProcessMemory request was completed. (0x12B)
[0510/014542.076:ERROR:process_memory_win.cc(73)] ReadMemory at 0x21ef06a12e0 of 512 bytes failed: Only part of a ReadProcessMemory or WriteProcessMemory request was completed. (0x12B)
[0510/014542.076:ERROR:process_memory_win.cc(73)] ReadMemory at 0x21ef06a5220 of 512 bytes failed: Only part of a ReadProcessMemory or WriteProcessMemory request was completed. (0x12B)
[0510/014542.076:ERROR:process_memory_win.cc(73)] ReadMemory at 0x21ef06a5640 of 512 bytes failed: Only part of a ReadProcessMemory or WriteProcessMemory request was completed. (0x12B)
[0510/014542.076:ERROR:process_memory_win.cc(73)] ReadMemory at 0x21ef06aca50 of 712 bytes failed: Only part of a ReadProcessMemory or WriteProcessMemory request was completed. (0x12B)
[0510/014542.076:ERROR:process_memory_win.cc(73)] ReadMemory at 0x21ef075a120 of 512 bytes failed: Only part of a ReadProcessMemory or WriteProcessMemory request was completed. (0x12B)
[0510/014542.076:ERROR:process_memory_win.cc(73)] ReadMemory at 0x21ef075b050 of 512 bytes failed: Only part of a ReadProcessMemory or WriteProcessMemory request was completed. (0x12B)
[0510/014542.076:ERROR:process_memory_win.cc(73)] ReadMemory at 0x21ef075b310 of 512 bytes failed: Only part of a ReadProcessMemory or WriteProcessMemory request was completed. (0x12B)
[0510/014542.076:ERROR:process_memory_win.cc(73)] ReadMemory at 0x21ef1da0000 of 384 bytes failed: Only part of a ReadProcessMemory or WriteProcessMemory request was completed. (0x12B)
[0510/014542.076:ERROR:process_memory_win.cc(73)] ReadMemory at 0x21ef28b0060 of 512 bytes failed: Only part of a ReadProcessMemory or WriteProcessMemory request was completed. (0x12B)
[0510/014542.077:ERROR:process_memory_win.cc(73)] ReadMemory at 0x21ef2a02d81 of 512 bytes failed: Only part of a ReadProcessMemory or WriteProcessMemory request was completed. (0x12B)
[0510/014542.077:ERROR:process_memory_win.cc(73)] ReadMemory at 0x21ef2a94040 of 512 bytes failed: Only part of a ReadProcessMemory or WriteProcessMemory request was completed. (0x12B)
[0510/014542.077:ERROR:process_memory_win.cc(73)] ReadMemory at 0x21ef2ac0000 of 384 bytes failed: Only part of a ReadProcessMemory or WriteProcessMemory request was completed. (0x12B)
[0510/014542.077:ERROR:process_memory_win.cc(73)] ReadMemory at 0x21ef2b1aa80 of 512 bytes failed: Only part of a ReadProcessMemory or WriteProcessMemory request was completed. (0x12B)
[0510/014542.077:ERROR:process_memory_win.cc(73)] ReadMemory at 0x64b5420be128 of 512 bytes failed: Only part of a ReadProcessMemory or WriteProcessMemory request was completed. (0x12B)
[0510/014542.077:ERROR:process_memory_win.cc(73)] ReadMemory at 0x7fff2494971c of 512 bytes failed: Only part of a ReadProcessMemory or WriteProcessMemory request was completed. (0x12B)
[0510/014542.077:ERROR:process_memory_win.cc(73)] ReadMemory at 0x7fff25765dbf of 512 bytes failed: Only part of a ReadProcessMemory or WriteProcessMemory request was completed. (0x12B)
[0510/014542.077:ERROR:process_memory_win.cc(73)] ReadMemory at 0x7fff298229c0 of 512 bytes failed: Only part of a ReadProcessMemory or WriteProcessMemory request was completed. (0x12B)
[0510/014542.077:ERROR:process_memory_win.cc(73)] ReadMemory at 0x7fff88d6ff10 of 512 bytes failed: Only part of a ReadProcessMemory or WriteProcessMemory request was completed. (0x12B)
[0510/014542.077:ERROR:process_memory_win.cc(73)] ReadMemory at 0x7fff88dbf764 of 672 bytes failed: Only part of a ReadProcessMemory or WriteProcessMemory request was completed. (0x12B)
[0510/014542.077:ERROR:process_memory_win.cc(73)] ReadMemory at 0x7fff88dbfd64 of 512 bytes failed: Only part of a ReadProcessMemory or WriteProcessMemory request was completed. (0x12B)
[0510/014542.078:ERROR:process_memory_win.cc(73)] ReadMemory at 0x7fff88dc2ff4 of 608 bytes failed: Only part of a ReadProcessMemory or WriteProcessMemory request was completed. (0x12B)
[0510/014542.078:ERROR:process_memory_win.cc(73)] ReadMemory at 0x7fff88e4c0c8 of 18 bytes failed: Only part of a ReadProcessMemory or WriteProcessMemory request was completed. (0x12B)
[0510/014542.078:ERROR:process_memory_win.cc(73)] ReadMemory at 0x7fff88e7f4f8 of 40 bytes failed: Only part of a ReadProcessMemory or WriteProcessMemory request was completed. (0x12B)
[0510/014542.078:ERROR:process_memory_win.cc(73)] ReadMemory at 0x7fff88e7f978 of 48 bytes failed: Only part of a ReadProcessMemory or WriteProcessMemory request was completed. (0x12B)
[0510/014542.078:ERROR:process_memory_win.cc(73)] ReadMemory at 0x7fff88e853a0 of 64 bytes failed: Only part of a ReadProcessMemory or WriteProcessMemory request was completed. (0x12B)
[0510/014542.081:ERROR:scoped_process_suspend.cc(40)] NtResumeProcess: An attempt was made to access an exiting process. (0xc000010a)
